[2023-03-17 10:16:42,192] {manager.py:504} INFO - Processing files using up to 2 processes at a time 
[2023-03-17 10:16:42,192] {manager.py:505} INFO - Process each file at most once every 30 seconds
[2023-03-17 10:16:42,192] {manager.py:507} INFO - Checking for new files in /opt/airflow/dags every 300 seconds
[2023-03-17 10:16:42,193] {manager.py:653} INFO - Searching for files in /opt/airflow/dags
[2023-03-17 10:16:42,193] {manager.py:656} INFO - There are 0 files in /opt/airflow/dags
[2023-03-17 10:16:50,497] {manager.py:504} INFO - Processing files using up to 2 processes at a time 
[2023-03-17 10:16:50,497] {manager.py:505} INFO - Process each file at most once every 30 seconds
[2023-03-17 10:16:50,497] {manager.py:507} INFO - Checking for new files in /opt/airflow/dags every 300 seconds
[2023-03-17 10:16:50,497] {manager.py:653} INFO - Searching for files in /opt/airflow/dags
[2023-03-17 10:16:50,497] {manager.py:656} INFO - There are 0 files in /opt/airflow/dags
[2023-03-17 10:17:02,101] {manager.py:504} INFO - Processing files using up to 2 processes at a time 
[2023-03-17 10:17:02,101] {manager.py:505} INFO - Process each file at most once every 30 seconds
[2023-03-17 10:17:02,101] {manager.py:507} INFO - Checking for new files in /opt/airflow/dags every 300 seconds
[2023-03-17 10:17:02,101] {manager.py:653} INFO - Searching for files in /opt/airflow/dags
[2023-03-17 10:17:02,101] {manager.py:656} INFO - There are 0 files in /opt/airflow/dags
[2023-03-17 10:17:02,128] {manager.py:1051} INFO - Finding 'running' jobs without a recent heartbeat
[2023-03-17 10:17:02,128] {manager.py:1055} INFO - Failing jobs without heartbeat after 2023-03-17 10:12:02.128161+00:00
[2023-03-17 10:17:12,153] {manager.py:1051} INFO - Finding 'running' jobs without a recent heartbeat
[2023-03-17 10:17:12,154] {manager.py:1055} INFO - Failing jobs without heartbeat after 2023-03-17 10:12:12.154136+00:00
[2023-03-17 10:17:22,191] {manager.py:1051} INFO - Finding 'running' jobs without a recent heartbeat
[2023-03-17 10:17:22,191] {manager.py:1055} INFO - Failing jobs without heartbeat after 2023-03-17 10:12:22.191452+00:00
[2023-03-17 10:17:32,231] {manager.py:1051} INFO - Finding 'running' jobs without a recent heartbeat
[2023-03-17 10:17:32,232] {manager.py:1055} INFO - Failing jobs without heartbeat after 2023-03-17 10:12:32.232203+00:00
[2023-03-17 10:17:42,270] {manager.py:1051} INFO - Finding 'running' jobs without a recent heartbeat
[2023-03-17 10:17:42,270] {manager.py:1055} INFO - Failing jobs without heartbeat after 2023-03-17 10:12:42.270894+00:00
[2023-03-17 10:17:52,311] {manager.py:1051} INFO - Finding 'running' jobs without a recent heartbeat
[2023-03-17 10:17:52,312] {manager.py:1055} INFO - Failing jobs without heartbeat after 2023-03-17 10:12:52.312113+00:00
[2023-03-17 10:18:02,350] {manager.py:1051} INFO - Finding 'running' jobs without a recent heartbeat
[2023-03-17 10:18:02,351] {manager.py:1055} INFO - Failing jobs without heartbeat after 2023-03-17 10:13:02.351087+00:00
[2023-03-17 10:18:12,390] {manager.py:1051} INFO - Finding 'running' jobs without a recent heartbeat
[2023-03-17 10:18:12,390] {manager.py:1055} INFO - Failing jobs without heartbeat after 2023-03-17 10:13:12.390594+00:00
[2023-03-17 10:18:21,137] {manager.py:485} INFO - Exiting gracefully upon receiving signal 15
